09:50:10.100 [Worker-22] ERROR org.coocox.codb.common.log.ErrorLog - [clone user pass] executed Error 


09:50:10.100 [Worker-26] INFO  org.coocox.codb.common.log.ErrorLog - [D:/Program_Files/CooCox/CoIDE/bin\fossil.exe,clone,-A,admin,http://admin:de3f76@data.coocox.org:9090/cgi-bin/repo/7e9487b4-9b32-47e4-9cde-bc665b528a2f,D:/Program_Files/CooCox/CoIDE/repo\.rn\fossils\7e9487b4-9b32-47e4-9cde-bc665b528a2f.fossil] executed OK 
Bytes      Cards  Artifacts     Deltas
Sent:              53          1          0          0
waiting for server...
processed: 2%         
processed: 7%         
processed: 9%         
processed: 33%         
processed: 35%         
processed: 37%         
processed: 39%         
processed: 83%         
processed: 85%         
processed: 95%         
processed: 98%         
Received:        2739         13          5          0
Sent:              58          2          0          0
waiting for server...
processed: 3%         
Received:         634          2          0          0
Total network traffic: 644 bytes sent, 3581 bytes received
Rebuilding repository meta-data...
  0.0% complete...
  20.0% complete...
  40.0% complete...
  60.0% complete...
  80.0% complete...
  100.0% complete...
project-id: ee841774f98165d915173e5d0f75e7713899f6af
server-id:  28b973a27aa22f2a0993af801d764b4ad8e2c817
admin-user: admin (password is "664998")

09:50:10.131 [Worker-22] ERROR org.coocox.codb.common.log.ErrorLog - freshExamplesByCompId API failed 
clone from server errored
org.coocox.codb.common.fossil.Fossil.cloneFromServer(Fossil.java:89)
org.coocox.codb.client.core.service.RepoService.clone(RepoService.java:79)
org.coocox.codb.client.core.api.impl.ExampleApiImpl.freshExamplesByCompId(ExampleApiImpl.java:272)
org.coocox.example.core.impl.ExampleDBCmdHandler.freshExamplesByCompId(ExampleDBCmdHandler.java:51)
org.coocox.integrate.component.views.ComponentView$4$1.run(ComponentView.java:346)
org.eclipse.core.internal.jobs.Worker.run(Worker.java:54)


09:50:10.787 [Worker-26] INFO  org.coocox.codb.common.log.ErrorLog - [D:/Program_Files/CooCox/CoIDE/bin\fossil.exe,open,D:/Program_Files/CooCox/CoIDE/repo\.rn\fossils\7e9487b4-9b32-47e4-9cde-bc665b528a2f.fossil,-latest] executed OK 
doc/description.html
doc/docInfo.dat
src/main.c
project-name: <unnamed>
repository:   D:/Program_Files/CooCox/CoIDE/repo\.rn\fossils\7e9487b4-9b32-47e4-9cde-bc665b528a2f.fossil
local-root:   D:/Program_Files/CooCox/CoIDE/repo/Examples/1006_stm32vl_adc_dma/
user-home:    C:/Users/Edgar/AppData/Local
project-code: ee841774f98165d915173e5d0f75e7713899f6af
checkout:     52d35d151da07710591d7db1cf11e5f01ca04249 2013-11-15 22:20:19 UTC
parent:       8ec08c2f4eb2f5e3bc84ee18af2f737cf8f4b116 2013-11-15 22:20:12 UTC
tags:         trunk
comment:      commit the example sourceCode (user: admin)

09:50:10.807 [Worker-26] INFO  org.coocox.codb.common.log.ErrorLog - [D:/Program_Files/CooCox/CoIDE/bin\fossil.exe,close,-force] executed OK 


09:50:11.297 [Worker-26] INFO  org.coocox.codb.common.log.ProcessTimeLog - 47`440`freshExamplesByCompId`5345
