08:06:40.876 [Worker-7] INFO  org.coocox.codb.common.log.ErrorLog - [D:/Program_Files/CooCox/CoIDE/bin\fossil.exe,clone,-A,admin,http://admin:d10d51@data.coocox.org:9090/cgi-bin/repo/7c9cb606-4e56-489d-8b3b-16fcf1bf6422,D:/Program_Files/CooCox/CoIDE/repo\.rn\fossils\7c9cb606-4e56-489d-8b3b-16fcf1bf6422.fossil] executed OK 
Bytes      Cards  Artifacts     Deltas
Sent:              53          1          0          0
waiting for server...
processed: 1%         
processed: 4%         
processed: 6%         
processed: 13%         
processed: 15%         
processed: 16%         
processed: 17%         
processed: 88%         
processed: 90%         
processed: 96%         
processed: 97%         
processed: 99%         
Received:        4268         13          5          0
Sent:              58          2          0          0
waiting for server...
processed: 3%         
Received:         634          2          0          0
Total network traffic: 646 bytes sent, 5110 bytes received
Rebuilding repository meta-data...
  0.0% complete...
  20.0% complete...
  40.0% complete...
  60.0% complete...
  80.0% complete...
  100.0% complete...
project-id: 2b570376e4937ecb5cd6e4535408d936df512667
server-id:  ade5c36f43d705c08263ca53078b5e6958a2a329
admin-user: admin (password is "7d7d48")

08:06:40.876 [Worker-30] ERROR org.coocox.codb.common.log.ErrorLog - [clone user pass] executed Error 


08:06:40.908 [Worker-30] ERROR org.coocox.codb.common.log.ErrorLog - freshExamplesByCompId API failed 
clone from server errored
org.coocox.codb.common.fossil.Fossil.cloneFromServer(Fossil.java:89)
org.coocox.codb.client.core.service.RepoService.clone(RepoService.java:79)
org.coocox.codb.client.core.api.impl.ExampleApiImpl.freshExamplesByCompId(ExampleApiImpl.java:272)
org.coocox.example.core.impl.ExampleDBCmdHandler.freshExamplesByCompId(ExampleDBCmdHandler.java:51)
org.coocox.integrate.component.views.ComponentView$4$1.run(ComponentView.java:346)
org.eclipse.core.internal.jobs.Worker.run(Worker.java:54)


08:06:41.439 [Worker-7] INFO  org.coocox.codb.common.log.ErrorLog - [D:/Program_Files/CooCox/CoIDE/bin\fossil.exe,open,D:/Program_Files/CooCox/CoIDE/repo\.rn\fossils\7c9cb606-4e56-489d-8b3b-16fcf1bf6422.fossil,-latest] executed OK 
doc/description.html
doc/docInfo.dat
src/example/DMA_MemoryToMemory.c
project-name: <unnamed>
repository:   D:/Program_Files/CooCox/CoIDE/repo\.rn\fossils\7c9cb606-4e56-489d-8b3b-16fcf1bf6422.fossil
local-root:   D:/Program_Files/CooCox/CoIDE/repo/Examples/995_DMA_MemoryToMemory/
user-home:    C:/Users/Edgar/AppData/Local
project-code: 2b570376e4937ecb5cd6e4535408d936df512667
checkout:     e086da66bad6cf37789d117acbe76e1812d677ef 2013-11-13 02:15:59 UTC
parent:       4bebf134ce87d21814c1e030a46e6e0c92ab204a 2013-11-13 02:14:14 UTC
tags:         trunk
comment:      commit the example sourceCode (user: admin)

08:06:41.455 [Worker-7] INFO  org.coocox.codb.common.log.ErrorLog - [D:/Program_Files/CooCox/CoIDE/bin\fossil.exe,close,-force] executed OK 


08:06:42.533 [Worker-7] INFO  org.coocox.codb.common.log.ProcessTimeLog - 47`446`freshExamplesByCompId`5438
08:12:51.310 [Worker-35] INFO  org.coocox.codb.common.log.ErrorLog - [D:/Program_Files/CooCox/CoIDE/bin\fossil.exe,clone,-A,admin,http://admin:aa28c4@data.coocox.org:9090/cgi-bin/repo/af332055-0148-4794-bc20-b203546b95b1,D:/Program_Files/CooCox/CoIDE/repo\.rn\fossils\af332055-0148-4794-bc20-b203546b95b1.fossil] executed OK 
Bytes      Cards  Artifacts     Deltas
Sent:              53          1          0          0
waiting for server...
processed: 1%         
processed: 6%         
processed: 8%         
processed: 16%         
processed: 17%         
processed: 19%         
processed: 20%         
processed: 85%         
processed: 87%         
processed: 95%         
processed: 96%         
processed: 99%         
Received:        3320         13          5          0
Sent:              58          2          0          0
waiting for server...
processed: 3%         
Received:         634          2          0          0
Total network traffic: 645 bytes sent, 4162 bytes received
Rebuilding repository meta-data...
  0.0% complete...
  20.0% complete...
  40.0% complete...
  60.0% complete...
  80.0% complete...
  100.0% complete...
project-id: e219b306b027138cb9b9740541ea5d1d7aa7c258
server-id:  3d07821423e4381d4490b8b83282fc4347df005e
admin-user: admin (password is "8170aa")

08:12:52.029 [Worker-35] INFO  org.coocox.codb.common.log.ErrorLog - [D:/Program_Files/CooCox/CoIDE/bin\fossil.exe,open,D:/Program_Files/CooCox/CoIDE/repo\.rn\fossils\af332055-0148-4794-bc20-b203546b95b1.fossil,-latest] executed OK 
doc/description.html
doc/docInfo.dat
src/example/ADC_Exp.c
project-name: <unnamed>
repository:   D:/Program_Files/CooCox/CoIDE/repo\.rn\fossils\af332055-0148-4794-bc20-b203546b95b1.fossil
local-root:   D:/Program_Files/CooCox/CoIDE/repo/Examples/979_ADC_Exp/
user-home:    C:/Users/Edgar/AppData/Local
project-code: e219b306b027138cb9b9740541ea5d1d7aa7c258
checkout:     fb33f7d5b32a8e5d746856970645be8fe78c98fa 2013-11-13 01:33:31 UTC
parent:       60cebc202748f5e6e78fd6e04adbdf47c635fa95 2013-11-13 01:31:44 UTC
tags:         trunk
comment:      commit the example sourceCode (user: admin)

08:12:52.044 [Worker-35] INFO  org.coocox.codb.common.log.ErrorLog - [D:/Program_Files/CooCox/CoIDE/bin\fossil.exe,close,-force] executed OK 
doc/description.html
doc/docInfo.dat
src/example/ADC_Exp.c
project-name: <unnamed>
repository:   D:/Program_Files/CooCox/CoIDE/repo\.rn\fossils\af332055-0148-4794-bc20-b203546b95b1.fossil
local-root:   D:/Program_Files/CooCox/CoIDE/repo/Examples/979_ADC_Exp/
user-home:    C:/Users/Edgar/AppData/Local
project-code: e219b306b027138cb9b9740541ea5d1d7aa7c258
checkout:     fb33f7d5b32a8e5d746856970645be8fe78c98fa 2013-11-13 01:33:31 UTC
parent:       60cebc202748f5e6e78fd6e04adbdf47c635fa95 2013-11-13 01:31:44 UTC
tags:         trunk
comment:      commit the example sourceCode (user: admin)

08:12:55.513 [Worker-35] INFO  org.coocox.codb.common.log.ErrorLog - [D:/Program_Files/CooCox/CoIDE/bin\fossil.exe,clone,-A,admin,http://admin:325c00@data.coocox.org:9090/cgi-bin/repo/0334bb0b-a157-4649-8193-855aa48056d0,D:/Program_Files/CooCox/CoIDE/repo\.rn\fossils\0334bb0b-a157-4649-8193-855aa48056d0.fossil] executed OK 
Bytes      Cards  Artifacts     Deltas
Sent:              53          1          0          0
waiting for server...
processed: 1%         
processed: 5%         
processed: 6%         
processed: 9%         
processed: 11%         
processed: 12%         
processed: 13%         
processed: 88%         
processed: 89%         
processed: 96%         
processed: 97%         
processed: 99%         
Received:        4061         13          5          0
Sent:              58          2          0          0
waiting for server...
processed: 3%         
Received:         634          2          0          0
Total network traffic: 646 bytes sent, 4903 bytes received
Rebuilding repository meta-data...
  0.0% complete...
  20.0% complete...
  40.0% complete...
  60.0% complete...
  80.0% complete...
  100.0% complete...
project-id: 844c53bd9e2639bf36194d2b2bf74afdf0f7bd0b
server-id:  9db41309e01d7f9d38f08c96ee16159b82a39e74
admin-user: admin (password is "9ce97a")

08:12:56.029 [Worker-35] INFO  org.coocox.codb.common.log.ErrorLog - [D:/Program_Files/CooCox/CoIDE/bin\fossil.exe,open,D:/Program_Files/CooCox/CoIDE/repo\.rn\fossils\0334bb0b-a157-4649-8193-855aa48056d0.fossil,-latest] executed OK 
doc/description.html
doc/docInfo.dat
src/example/adc1_dma.c
project-name: <unnamed>
repository:   D:/Program_Files/CooCox/CoIDE/repo\.rn\fossils\0334bb0b-a157-4649-8193-855aa48056d0.fossil
local-root:   D:/Program_Files/CooCox/CoIDE/repo/Examples/980_ADC_DMA/
user-home:    C:/Users/Edgar/AppData/Local
project-code: 844c53bd9e2639bf36194d2b2bf74afdf0f7bd0b
checkout:     75162b2911f480c377fd0456a8e268ec8340fc7c 2013-11-13 01:36:21 UTC
parent:       25dc7a79b8fc96a97f0aa99d029a4dfa0146feae 2013-11-13 01:34:33 UTC
tags:         trunk
comment:      commit the example sourceCode (user: admin)

08:12:56.044 [Worker-35] INFO  org.coocox.codb.common.log.ErrorLog - [D:/Program_Files/CooCox/CoIDE/bin\fossil.exe,close,-force] executed OK 
doc/description.html
doc/docInfo.dat
src/example/adc1_dma.c
project-name: <unnamed>
repository:   D:/Program_Files/CooCox/CoIDE/repo\.rn\fossils\0334bb0b-a157-4649-8193-855aa48056d0.fossil
local-root:   D:/Program_Files/CooCox/CoIDE/repo/Examples/980_ADC_DMA/
user-home:    C:/Users/Edgar/AppData/Local
project-code: 844c53bd9e2639bf36194d2b2bf74afdf0f7bd0b
checkout:     75162b2911f480c377fd0456a8e268ec8340fc7c 2013-11-13 01:36:21 UTC
parent:       25dc7a79b8fc96a97f0aa99d029a4dfa0146feae 2013-11-13 01:34:33 UTC
tags:         trunk
comment:      commit the example sourceCode (user: admin)

08:12:59.091 [Worker-35] INFO  org.coocox.codb.common.log.ErrorLog - [D:/Program_Files/CooCox/CoIDE/bin\fossil.exe,clone,-A,admin,http://admin:8e36c5@data.coocox.org:9090/cgi-bin/repo/61ac5c8e-09fb-4ade-a0f6-cc8f96d2ec18,D:/Program_Files/CooCox/CoIDE/repo\.rn\fossils\61ac5c8e-09fb-4ade-a0f6-cc8f96d2ec18.fossil] executed OK 
Bytes      Cards  Artifacts     Deltas
Sent:              53          1          0          0
waiting for server...
processed: 2%         
processed: 8%         
processed: 11%         
processed: 38%         
processed: 40%         
processed: 42%         
processed: 44%         
processed: 80%         
processed: 82%         
processed: 94%         
processed: 98%         
Received:        2347         13          5          0
Sent:              58          2          0          0
waiting for server...
processed: 3%         
Received:         634          2          0          0
Total network traffic: 642 bytes sent, 3189 bytes received
Rebuilding repository meta-data...
  0.0% complete...
  20.0% complete...
  40.0% complete...
  60.0% complete...
  80.0% complete...
  100.0% complete...
project-id: 7754f0ca2cd51a2385ca42433763e020da9b9c75
server-id:  850f35f7c0038df2f7bc40ff57fafb3a2a88fe34
admin-user: admin (password is "fda35b")

08:12:59.654 [Worker-35] INFO  org.coocox.codb.common.log.ErrorLog - [D:/Program_Files/CooCox/CoIDE/bin\fossil.exe,open,D:/Program_Files/CooCox/CoIDE/repo\.rn\fossils\61ac5c8e-09fb-4ade-a0f6-cc8f96d2ec18.fossil,-latest] executed OK 
doc/description.html
doc/docInfo.dat
src/main.c
project-name: <unnamed>
repository:   D:/Program_Files/CooCox/CoIDE/repo\.rn\fossils\61ac5c8e-09fb-4ade-a0f6-cc8f96d2ec18.fossil
local-root:   D:/Program_Files/CooCox/CoIDE/repo/Examples/1003_STM32VLDIS_ADC_CPU_TEMP/
user-home:    C:/Users/Edgar/AppData/Local
project-code: 7754f0ca2cd51a2385ca42433763e020da9b9c75
checkout:     3a735f37d17558aafe6cfdee56db736fc84ec69c 2013-11-14 19:51:01 UTC
parent:       3ac3890470dd8742c2f5cb6f1db3947dfb9e3f28 2013-11-14 19:50:57 UTC
tags:         trunk
comment:      commit the example sourceCode (user: admin)

08:12:59.669 [Worker-35] INFO  org.coocox.codb.common.log.ErrorLog - [D:/Program_Files/CooCox/CoIDE/bin\fossil.exe,close,-force] executed OK 


08:13:00.498 [Worker-35] INFO  org.coocox.codb.common.log.ProcessTimeLog - 47`457`freshExamplesByCompId`12469
14:19:03.335 [Worker-3] ERROR org.coocox.codb.common.log.ErrorLog - getExamplesOfCompByCompId API failed 
GET API FAILED
org.coocox.codb.client.core.api.ClientBaseApi.getCheckByResponse(ClientBaseApi.java:94)
org.coocox.codb.client.core.api.impl.ExampleApiImpl.getExamplesOfCompByCompId(ExampleApiImpl.java:329)
org.coocox.codb.client.core.api.impl.ExampleApiImpl.freshExamplesByCompId(ExampleApiImpl.java:223)
org.coocox.example.core.impl.ExampleDBCmdHandler.freshExamplesByCompId(ExampleDBCmdHandler.java:51)
org.coocox.integrate.component.views.ComponentView$4$1.run(ComponentView.java:346)
org.eclipse.core.internal.jobs.Worker.run(Worker.java:54)


14:19:03.335 [Worker-8] ERROR org.coocox.codb.common.log.ErrorLog - getExamplesOfCompByCompId API failed 
GET API FAILED
org.coocox.codb.client.core.api.ClientBaseApi.getCheckByResponse(ClientBaseApi.java:94)
org.coocox.codb.client.core.api.impl.ExampleApiImpl.getExamplesOfCompByCompId(ExampleApiImpl.java:329)
org.coocox.codb.client.core.api.impl.ExampleApiImpl.freshExamplesByCompId(ExampleApiImpl.java:223)
org.coocox.example.core.impl.ExampleDBCmdHandler.freshExamplesByCompId(ExampleDBCmdHandler.java:51)
org.coocox.integrate.component.views.ComponentView$4$1.run(ComponentView.java:346)
org.eclipse.core.internal.jobs.Worker.run(Worker.java:54)


